<?xml version="1.0" encoding="UTF-8"?>
<!-- Generated by org.testng.reporters.JUnitReportReporter -->
<testsuite hostname="LAPTOP-FR1I5UIS" failures="0" tests="3" name="com.comcast.createcontact.Contact" time="0.026" errors="0" timestamp="21 Sep 2021 11:37:52 GMT" skipped="0">
  <testcase classname="com.comcast.createcontact.Contact" name="createContactWithOrgTest" time="0.002"/>
  <testcase classname="com.comcast.createcontact.Contact" name="deleteContactTest" time="0.002"/>
  <testcase classname="com.comcast.createcontact.Contact" name="createContactTest" time="0.022"/>
</testsuite> <!-- com.comcast.createcontact.Contact -->
