<?xml version="1.0" encoding="UTF-8"?>
<!-- Generated by org.testng.reporters.JUnitReportReporter -->
<testsuite hostname="LAPTOP-FR1I5UIS" failures="0" tests="3" name="com.comcast.createcontact.ContactTest" time="0.037" errors="0" timestamp="21 Sep 2021 11:42:07 GMT" skipped="0">
  <testcase classname="com.comcast.createcontact.ContactTest" name="createContactWithOrgTest" time="0.004"/>
  <testcase classname="com.comcast.createcontact.ContactTest" name="deleteContactTest" time="0.006"/>
  <testcase classname="com.comcast.createcontact.ContactTest" name="createContactTest" time="0.027"/>
</testsuite> <!-- com.comcast.createcontact.ContactTest -->
